[INFO] Scanning for projects...
[INFO] 
[INFO] -------------------< com.raghav:peadologicalBackend >-------------------
[INFO] Building peadologicalBackend 0.0.1-SNAPSHOT
[INFO]   from pom.xml
[INFO] --------------------------------[ jar ]---------------------------------
[INFO] 
[INFO] >>> spring-boot:4.0.2:run (default-cli) > test-compile @ peadologicalBackend >>>
[INFO] 
[INFO] --- resources:3.3.1:resources (default-resources) @ peadologicalBackend ---
[INFO] Copying 1 resource from src/main/resources to target/classes
[INFO] Copying 1 resource from src/main/resources to target/classes
[INFO] 
[INFO] --- compiler:3.14.1:compile (default-compile) @ peadologicalBackend ---
[INFO] Recompiling the module because of changed source code.
[INFO] Compiling 57 source files with javac [debug parameters release 17] to target/classes
[INFO] Annotation processing is enabled because one or more processors were found
  on the class path. A future release of javac may disable annotation processing
  unless at least one processor is specified by name (-processor), or a search
  path is specified (--processor-path, --processor-module-path), or annotation
  processing is enabled explicitly (-proc:only, -proc:full).
  Use -Xlint:-options to suppress this message.
  Use -proc:none to disable annotation processing.
[INFO] 
[INFO] --- resources:3.3.1:testResources (default-testResources) @ peadologicalBackend ---
[INFO] skip non existing resourceDirectory /Applications/pdlogical_frontend/backend/src/test/resources
[INFO] 
[INFO] --- compiler:3.14.1:testCompile (default-testCompile) @ peadologicalBackend ---
[INFO] Recompiling the module because of changed dependency.
[INFO] Compiling 1 source file with javac [debug parameters release 17] to target/test-classes
[INFO] Annotation processing is enabled because one or more processors were found
  on the class path. A future release of javac may disable annotation processing
  unless at least one processor is specified by name (-processor), or a search
  path is specified (--processor-path, --processor-module-path), or annotation
  processing is enabled explicitly (-proc:only, -proc:full).
  Use -Xlint:-options to suppress this message.
  Use -proc:none to disable annotation processing.
[INFO] 
[INFO] <<< spring-boot:4.0.2:run (default-cli) < test-compile @ peadologicalBackend <<<
[INFO] 
[INFO] 
[INFO] --- spring-boot:4.0.2:run (default-cli) @ peadologicalBackend ---
[INFO] Attaching agents: []

  .   ____          _            __ _ _
 /\\ / ___'_ __ _ _(_)_ __  __ _ \ \ \ \
( ( )\___ | '_ | '_| | '_ \/ _` | \ \ \ \
 \\/  ___)| |_)| | | | | || (_| |  ) ) ) )
  '  |____| .__|_| |_|_| |_\__, | / / / /
 =========|_|==============|___/=/_/_/_/

 :: Spring Boot ::                (v4.0.2)

2026-02-14T16:35:05.582+05:30  INFO 27564 --- [pedo] [  restartedMain] c.r.p.PeadologicalBackendApplication     : Starting PeadologicalBackendApplication using Java 22.0.1 with PID 27564 (/Applications/pdlogical_frontend/backend/target/classes started by nikhilsharma in /Applications/pdlogical_frontend/backend)
2026-02-14T16:35:05.586+05:30  INFO 27564 --- [pedo] [  restartedMain] c.r.p.PeadologicalBackendApplication     : No active profile set, falling back to 1 default profile: "default"
2026-02-14T16:35:05.648+05:30  INFO 27564 --- [pedo] [  restartedMain] .e.DevToolsPropertyDefaultsPostProcessor : Devtools property defaults active! Set 'spring.devtools.add-properties' to 'false' to disable
2026-02-14T16:35:05.649+05:30  INFO 27564 --- [pedo] [  restartedMain] .e.DevToolsPropertyDefaultsPostProcessor : For additional web related logging consider setting the 'logging.level.web' property to 'DEBUG'
2026-02-14T16:35:06.505+05:30  INFO 27564 --- [pedo] [  restartedMain] .s.d.r.c.RepositoryConfigurationDelegate : Bootstrapping Spring Data JPA repositories in DEFAULT mode.
2026-02-14T16:35:06.811+05:30  INFO 27564 --- [pedo] [  restartedMain] .s.d.r.c.RepositoryConfigurationDelegate : Finished Spring Data repository scanning in 293 ms. Found 6 JPA repository interfaces.
2026-02-14T16:35:07.602+05:30  INFO 27564 --- [pedo] [  restartedMain] o.s.boot.tomcat.TomcatWebServer          : Tomcat initialized with port 8080 (http)
2026-02-14T16:35:07.619+05:30  INFO 27564 --- [pedo] [  restartedMain] o.apache.catalina.core.StandardService   : Starting service [Tomcat]
2026-02-14T16:35:07.620+05:30  INFO 27564 --- [pedo] [  restartedMain] o.apache.catalina.core.StandardEngine    : Starting Servlet engine: [Apache Tomcat/11.0.15]
2026-02-14T16:35:07.654+05:30  INFO 27564 --- [pedo] [  restartedMain] b.w.c.s.WebApplicationContextInitializer : Root WebApplicationContext: initialization completed in 2004 ms
2026-02-14T16:35:07.907+05:30  INFO 27564 --- [pedo] [  restartedMain] org.hibernate.orm.jpa                    : HHH008540: Processing PersistenceUnitInfo [name: default]
2026-02-14T16:35:07.964+05:30  INFO 27564 --- [pedo] [  restartedMain] org.hibernate.orm.core                   : HHH000001: Hibernate ORM core version 7.2.1.Final
2026-02-14T16:35:08.418+05:30  INFO 27564 --- [pedo] [  restartedMain] o.s.o.j.p.SpringPersistenceUnitInfo      : No LoadTimeWeaver setup: ignoring JPA class transformer
2026-02-14T16:35:08.455+05:30  INFO 27564 --- [pedo] [  restartedMain] com.zaxxer.hikari.HikariDataSource       : HikariPool-1 - Starting...
2026-02-14T16:35:08.631+05:30  INFO 27564 --- [pedo] [  restartedMain] com.zaxxer.hikari.pool.HikariPool        : HikariPool-1 - Added connection org.postgresql.jdbc.PgConnection@30a9ea03
2026-02-14T16:35:08.632+05:30  INFO 27564 --- [pedo] [  restartedMain] com.zaxxer.hikari.HikariDataSource       : HikariPool-1 - Start completed.
2026-02-14T16:35:08.663+05:30  WARN 27564 --- [pedo] [  restartedMain] org.hibernate.orm.deprecation            : HHH90000025: PostgreSQLDialect does not need to be specified explicitly using 'hibernate.dialect' (remove the property setting and it will be selected by default)
2026-02-14T16:35:08.685+05:30  INFO 27564 --- [pedo] [  restartedMain] org.hibernate.orm.connections.pooling    : HHH10001005: Database info:
	Database JDBC URL [jdbc:postgresql://localhost:5432/pdlogical]
	Database driver: PostgreSQL JDBC Driver
	Database dialect: PostgreSQLDialect
	Database version: 17.6
	Default catalog/schema: pdlogical/public
	Autocommit mode: undefined/unknown
	Isolation level: READ_COMMITTED [default READ_COMMITTED]
	JDBC fetch size: none
	Pool: DataSourceConnectionProvider
	Minimum pool size: undefined/unknown
	Maximum pool size: undefined/unknown
2026-02-14T16:35:09.774+05:30  INFO 27564 --- [pedo] [  restartedMain] org.hibernate.orm.core                   : HHH000489: No JTA platform available (set 'hibernate.transaction.jta.platform' to enable JTA platform integration)
2026-02-14T16:35:09.854+05:30  INFO 27564 --- [pedo] [  restartedMain] j.LocalContainerEntityManagerFactoryBean : Initialized JPA EntityManagerFactory for persistence unit 'default'
2026-02-14T16:35:10.161+05:30  INFO 27564 --- [pedo] [  restartedMain] o.s.d.j.r.query.QueryEnhancerFactories   : Hibernate is in classpath; If applicable, HQL parser will be used.
2026-02-14T16:35:12.087+05:30  INFO 27564 --- [pedo] [  restartedMain] eAuthenticationProviderManagerConfigurer : Global AuthenticationManager configured with AuthenticationProvider bean with name authenticationProvider
2026-02-14T16:35:12.087+05:30  WARN 27564 --- [pedo] [  restartedMain] r$InitializeUserDetailsManagerConfigurer : Global AuthenticationManager configured with an AuthenticationProvider bean. UserDetailsService beans will not be used by Spring Security for automatically configuring username/password login. Consider removing the AuthenticationProvider bean. Alternatively, consider using the UserDetailsService in a manually instantiated DaoAuthenticationProvider. If the current configuration is intentional, to turn off this warning, increase the logging level of 'org.springframework.security.config.annotation.authentication.configuration.InitializeUserDetailsBeanManagerConfigurer' to ERROR
2026-02-14T16:35:12.164+05:30  WARN 27564 --- [pedo] [  restartedMain] JpaBaseConfiguration$JpaWebConfiguration : spring.jpa.open-in-view is enabled by default. Therefore, database queries may be performed during view rendering. Explicitly configure spring.jpa.open-in-view to disable this warning
2026-02-14T16:35:13.814+05:30  INFO 27564 --- [pedo] [  restartedMain] o.s.boot.tomcat.TomcatWebServer          : Tomcat started on port 8080 (http) with context path '/'
2026-02-14T16:35:13.825+05:30  INFO 27564 --- [pedo] [  restartedMain] c.r.p.PeadologicalBackendApplication     : Started PeadologicalBackendApplication in 8.883 seconds (process running for 9.623)
Hibernate: 
    select
        u1_0.id,
        u1_0.created_at,
        u1_0.email,
        u1_0.name,
        u1_0.password,
        u1_0.roles,
        u1_0.username 
    from
        users u1_0 
    where
        u1_0.username=?
Hibernate: 
    select
        u1_0.id,
        u1_0.created_at,
        u1_0.email,
        u1_0.name,
        u1_0.password,
        u1_0.roles,
        u1_0.username 
    from
        users u1_0 
    where
        u1_0.username=?
Hibernate: 
    select
        u1_0.id,
        u1_0.created_at,
        u1_0.email,
        u1_0.name,
        u1_0.password,
        u1_0.roles,
        u1_0.username 
    from
        users u1_0 
    where
        u1_0.username=?
2026-02-14T16:35:22.288+05:30  INFO 27564 --- [pedo] [nio-8080-exec-1] o.a.c.c.C.[Tomcat].[localhost].[/]       : Initializing Spring DispatcherServlet 'dispatcherServlet'
2026-02-14T16:35:22.289+05:30  INFO 27564 --- [pedo] [nio-8080-exec-1] o.s.web.servlet.DispatcherServlet        : Initializing Servlet 'dispatcherServlet'
2026-02-14T16:35:22.306+05:30  INFO 27564 --- [pedo] [nio-8080-exec-1] o.s.web.servlet.DispatcherServlet        : Completed initialization in 17 ms
Hibernate: 
    select
        u1_0.id,
        u1_0.created_at,
        u1_0.email,
        u1_0.name,
        u1_0.password,
        u1_0.roles,
        u1_0.username 
    from
        users u1_0 
    where
        u1_0.username=?
Hibernate: 
    select
        u1_0.id,
        u1_0.created_at,
        u1_0.email,
        u1_0.name,
        u1_0.password,
        u1_0.roles,
        u1_0.username 
    from
        users u1_0 
    where
        u1_0.email=?
Hibernate: 
    select
        u1_0.id,
        u1_0.created_at,
        u1_0.email,
        u1_0.name,
        u1_0.password,
        u1_0.roles,
        u1_0.username 
    from
        users u1_0 
    where
        u1_0.username=?
Hibernate: 
    select
        u1_0.id,
        u1_0.created_at,
        u1_0.email,
        u1_0.name,
        u1_0.password,
        u1_0.roles,
        u1_0.username 
    from
        users u1_0 
    where
        u1_0.email=?
Hibernate: 
    select
        u1_0.id,
        u1_0.created_at,
        u1_0.email,
        u1_0.name,
        u1_0.password,
        u1_0.roles,
        u1_0.username 
    from
        users u1_0 
    where
        u1_0.username=?
Hibernate: 
    select
        tp1_0.id,
        tp1_0.department,
        tp1_0.designation,
        tp1_0.school,
        tp1_0.user_id 
    from
        teacher_profiles tp1_0 
    where
        tp1_0.user_id=?
Hibernate: 
    select
        t1_0.id,
        t1_0.teacher_profile_id 
    from
        timetables t1_0 
    where
        t1_0.teacher_profile_id=?
Hibernate: 
    select
        u1_0.id,
        u1_0.created_at,
        u1_0.email,
        u1_0.name,
        u1_0.password,
        u1_0.roles,
        u1_0.username 
    from
        users u1_0 
    where
        u1_0.username=?
Hibernate: 
    select
        tp1_0.id,
        tp1_0.department,
        tp1_0.designation,
        tp1_0.school,
        tp1_0.user_id 
    from
        teacher_profiles tp1_0 
    where
        tp1_0.user_id=?
Hibernate: 
    select
        l1_0.id,
        l1_0.analysis_content,
        l1_0.class_slot_id,
        l1_0.lecture_audio_url,
        l1_0.lecture_title,
        l1_0.score,
        l1_0.score_reasoning,
        l1_0.teacher_profile_id,
        l1_0.uploaded_at 
    from
        lectures l1_0 
    where
        l1_0.teacher_profile_id=?
Hibernate: 
    select
        u1_0.id,
        u1_0.created_at,
        u1_0.email,
        u1_0.name,
        u1_0.password,
        u1_0.roles,
        u1_0.username 
    from
        users u1_0 
    where
        u1_0.username=?
Hibernate: 
    select
        tp1_0.id,
        tp1_0.department,
        tp1_0.designation,
        tp1_0.school,
        tp1_0.user_id 
    from
        teacher_profiles tp1_0 
    where
        tp1_0.user_id=?
Hibernate: 
    select
        l1_0.id,
        l1_0.analysis_content,
        l1_0.class_slot_id,
        l1_0.lecture_audio_url,
        l1_0.lecture_title,
        l1_0.score,
        l1_0.score_reasoning,
        l1_0.teacher_profile_id,
        l1_0.uploaded_at 
    from
        lectures l1_0 
    where
        l1_0.teacher_profile_id=? 
    order by
        l1_0.uploaded_at desc 
    fetch
        first ? rows only
Hibernate: 
    select
        u1_0.id,
        u1_0.created_at,
        u1_0.email,
        u1_0.name,
        u1_0.password,
        u1_0.roles,
        u1_0.username 
    from
        users u1_0 
    where
        u1_0.username=?
Hibernate: 
    select
        tp1_0.id,
        tp1_0.department,
        tp1_0.designation,
        tp1_0.school,
        tp1_0.user_id 
    from
        teacher_profiles tp1_0 
    where
        tp1_0.user_id=?
Hibernate: 
    select
        t1_0.id,
        t1_0.teacher_profile_id 
    from
        timetables t1_0 
    where
        t1_0.teacher_profile_id=?
Hibernate: 
    select
        u1_0.id,
        u1_0.created_at,
        u1_0.email,
        u1_0.name,
        u1_0.password,
        u1_0.roles,
        u1_0.username 
    from
        users u1_0 
    where
        u1_0.username=?
Hibernate: 
    select
        u1_0.id,
        u1_0.created_at,
        u1_0.email,
        u1_0.name,
        u1_0.password,
        u1_0.roles,
        u1_0.username 
    from
        users u1_0 
    where
        u1_0.username=?
Hibernate: 
    select
        u1_0.id,
        u1_0.created_at,
        u1_0.email,
        u1_0.name,
        u1_0.password,
        u1_0.roles,
        u1_0.username 
    from
        users u1_0 
    where
        u1_0.username=?
Hibernate: 
    select
        u1_0.id,
        u1_0.created_at,
        u1_0.email,
        u1_0.name,
        u1_0.password,
        u1_0.roles,
        u1_0.username 
    from
        users u1_0 
    where
        u1_0.email=?
Hibernate: 
    select
        u1_0.id,
        u1_0.created_at,
        u1_0.email,
        u1_0.name,
        u1_0.password,
        u1_0.roles,
        u1_0.username 
    from
        users u1_0 
    where
        u1_0.username=?
Hibernate: 
    select
        u1_0.id,
        u1_0.created_at,
        u1_0.email,
        u1_0.name,
        u1_0.password,
        u1_0.roles,
        u1_0.username 
    from
        users u1_0 
    where
        u1_0.email=?
Hibernate: 
    select
        u1_0.id,
        u1_0.created_at,
        u1_0.email,
        u1_0.name,
        u1_0.password,
        u1_0.roles,
        u1_0.username 
    from
        users u1_0 
    where
        u1_0.username=?
Hibernate: 
    select
        u1_0.id,
        u1_0.created_at,
        u1_0.email,
        u1_0.name,
        u1_0.password,
        u1_0.roles,
        u1_0.username 
    from
        users u1_0 
    where
        u1_0.email=?
2026-02-14T16:52:49.979+05:30  INFO 27564 --- [pedo] [ionShutdownHook] o.s.boot.tomcat.GracefulShutdown         : Commencing graceful shutdown. Waiting for active requests to complete
2026-02-14T16:52:50.023+05:30  INFO 27564 --- [pedo] [tomcat-shutdown] o.s.boot.tomcat.GracefulShutdown         : Graceful shutdown complete
2026-02-14T16:52:50.144+05:30  INFO 27564 --- [pedo] [ionShutdownHook] j.LocalContainerEntityManagerFactoryBean : Closing JPA EntityManagerFactory for persistence unit 'default'
2026-02-14T16:52:50.170+05:30  INFO 27564 --- [pedo] [ionShutdownHook] com.zaxxer.hikari.HikariDataSource       : HikariPool-1 - Shutdown initiated...
2026-02-14T16:52:50.176+05:30  INFO 27564 --- [pedo] [ionShutdownHook] com.zaxxer.hikari.HikariDataSource       : HikariPool-1 - Shutdown completed.
